
> frontend@0.1.0 dev /workspace/projects/frontend
> react-scripts start

(node:2956) [DEP0176] DeprecationWarning: fs.F_OK is deprecated, use fs.constants.F_OK instead
(Use `node --trace-deprecation ...` to show where the warning was created)
(node:2956) [DEP_WEBPACK_DEV_SERVER_ON_AFTER_SETUP_MIDDLEWARE] DeprecationWarning: 'onAfterSetupMiddleware' option is deprecated. Please use the 'setupMiddlewares' option.
(node:2956) [DEP_WEBPACK_DEV_SERVER_ON_BEFORE_SETUP_MIDDLEWARE] DeprecationWarning: 'onBeforeSetupMiddleware' option is deprecated. Please use the 'setupMiddlewares' option.
Starting the development server...

Compiled with warnings.

[eslint] 
src/pages/knowledge/index.tsx
  Line 151:6:  React Hook useEffect has a missing dependency: 'loadCompanies'. Either include it or remove the dependency array                      react-hooks/exhaustive-deps
  Line 158:6:  React Hook useEffect has missing dependencies: 'loadDocuments' and 'loadFolders'. Either include them or remove the dependency array  react-hooks/exhaustive-deps
  Line 168:6:  React Hook useEffect has a missing dependency: 'selectedCompany?.id'. Either include it or remove the dependency array                react-hooks/exhaustive-deps

src/pages/proposal/index.tsx
  Line 160:9:  'handleContentUpdated' is assigned a value but never used  @typescript-eslint/no-unused-vars

src/pages/task/index.tsx
  Line 4:17:   'useState' is defined but never used               @typescript-eslint/no-unused-vars
  Line 4:27:   'useEffect' is defined but never used              @typescript-eslint/no-unused-vars
  Line 7:103:  'BuildingOfficeIcon' is defined but never used     @typescript-eslint/no-unused-vars
  Line 15:70:  'refreshTasks' is assigned a value but never used  @typescript-eslint/no-unused-vars

Search for the keywords to learn more about each warning.
To ignore, add // eslint-disable-next-line to the line before.

WARNING in [eslint] 
src/pages/knowledge/index.tsx
  Line 151:6:  React Hook useEffect has a missing dependency: 'loadCompanies'. Either include it or remove the dependency array                      react-hooks/exhaustive-deps
  Line 158:6:  React Hook useEffect has missing dependencies: 'loadDocuments' and 'loadFolders'. Either include them or remove the dependency array  react-hooks/exhaustive-deps
  Line 168:6:  React Hook useEffect has a missing dependency: 'selectedCompany?.id'. Either include it or remove the dependency array                react-hooks/exhaustive-deps

src/pages/proposal/index.tsx
  Line 160:9:  'handleContentUpdated' is assigned a value but never used  @typescript-eslint/no-unused-vars

src/pages/task/index.tsx
  Line 4:17:   'useState' is defined but never used               @typescript-eslint/no-unused-vars
  Line 4:27:   'useEffect' is defined but never used              @typescript-eslint/no-unused-vars
  Line 7:103:  'BuildingOfficeIcon' is defined but never used     @typescript-eslint/no-unused-vars
  Line 15:70:  'refreshTasks' is assigned a value but never used  @typescript-eslint/no-unused-vars

webpack compiled with 1 warning
No issues found.
Compiling...
Compiled with warnings.

[eslint] 
src/pages/knowledge/index.tsx
  Line 151:6:  React Hook useEffect has a missing dependency: 'loadCompanies'. Either include it or remove the dependency array                      react-hooks/exhaustive-deps
  Line 158:6:  React Hook useEffect has missing dependencies: 'loadDocuments' and 'loadFolders'. Either include them or remove the dependency array  react-hooks/exhaustive-deps
  Line 168:6:  React Hook useEffect has a missing dependency: 'selectedCompany?.id'. Either include it or remove the dependency array                react-hooks/exhaustive-deps

src/pages/proposal/index.tsx
  Line 160:9:  'handleContentUpdated' is assigned a value but never used  @typescript-eslint/no-unused-vars

src/pages/task/index.tsx
  Line 4:17:   'useState' is defined but never used               @typescript-eslint/no-unused-vars
  Line 4:27:   'useEffect' is defined but never used              @typescript-eslint/no-unused-vars
  Line 7:103:  'BuildingOfficeIcon' is defined but never used     @typescript-eslint/no-unused-vars
  Line 15:70:  'refreshTasks' is assigned a value but never used  @typescript-eslint/no-unused-vars

Search for the keywords to learn more about each warning.
To ignore, add // eslint-disable-next-line to the line before.

WARNING in [eslint] 
src/pages/knowledge/index.tsx
  Line 151:6:  React Hook useEffect has a missing dependency: 'loadCompanies'. Either include it or remove the dependency array                      react-hooks/exhaustive-deps
  Line 158:6:  React Hook useEffect has missing dependencies: 'loadDocuments' and 'loadFolders'. Either include them or remove the dependency array  react-hooks/exhaustive-deps
  Line 168:6:  React Hook useEffect has a missing dependency: 'selectedCompany?.id'. Either include it or remove the dependency array                react-hooks/exhaustive-deps

src/pages/proposal/index.tsx
  Line 160:9:  'handleContentUpdated' is assigned a value but never used  @typescript-eslint/no-unused-vars

src/pages/task/index.tsx
  Line 4:17:   'useState' is defined but never used               @typescript-eslint/no-unused-vars
  Line 4:27:   'useEffect' is defined but never used              @typescript-eslint/no-unused-vars
  Line 7:103:  'BuildingOfficeIcon' is defined but never used     @typescript-eslint/no-unused-vars
  Line 15:70:  'refreshTasks' is assigned a value but never used  @typescript-eslint/no-unused-vars

webpack compiled with 1 warning
Compiling...
No issues found.
Compiled with warnings.

[eslint] 
src/pages/knowledge/index.tsx
  Line 151:6:  React Hook useEffect has a missing dependency: 'loadCompanies'. Either include it or remove the dependency array                      react-hooks/exhaustive-deps
  Line 158:6:  React Hook useEffect has missing dependencies: 'loadDocuments' and 'loadFolders'. Either include them or remove the dependency array  react-hooks/exhaustive-deps
  Line 168:6:  React Hook useEffect has a missing dependency: 'selectedCompany?.id'. Either include it or remove the dependency array                react-hooks/exhaustive-deps

src/pages/proposal/index.tsx
  Line 160:9:  'handleContentUpdated' is assigned a value but never used  @typescript-eslint/no-unused-vars

src/pages/task/index.tsx
  Line 4:17:   'useState' is defined but never used               @typescript-eslint/no-unused-vars
  Line 4:27:   'useEffect' is defined but never used              @typescript-eslint/no-unused-vars
  Line 7:103:  'BuildingOfficeIcon' is defined but never used     @typescript-eslint/no-unused-vars
  Line 15:70:  'refreshTasks' is assigned a value but never used  @typescript-eslint/no-unused-vars

Search for the keywords to learn more about each warning.
To ignore, add // eslint-disable-next-line to the line before.

WARNING in [eslint] 
src/pages/knowledge/index.tsx
  Line 151:6:  React Hook useEffect has a missing dependency: 'loadCompanies'. Either include it or remove the dependency array                      react-hooks/exhaustive-deps
  Line 158:6:  React Hook useEffect has missing dependencies: 'loadDocuments' and 'loadFolders'. Either include them or remove the dependency array  react-hooks/exhaustive-deps
  Line 168:6:  React Hook useEffect has a missing dependency: 'selectedCompany?.id'. Either include it or remove the dependency array                react-hooks/exhaustive-deps

src/pages/proposal/index.tsx
  Line 160:9:  'handleContentUpdated' is assigned a value but never used  @typescript-eslint/no-unused-vars

src/pages/task/index.tsx
  Line 4:17:   'useState' is defined but never used               @typescript-eslint/no-unused-vars
  Line 4:27:   'useEffect' is defined but never used              @typescript-eslint/no-unused-vars
  Line 7:103:  'BuildingOfficeIcon' is defined but never used     @typescript-eslint/no-unused-vars
  Line 15:70:  'refreshTasks' is assigned a value but never used  @typescript-eslint/no-unused-vars

webpack compiled with 1 warning
No issues found.
Compiling...
Compiled with warnings.

[eslint] 
src/pages/knowledge/index.tsx
  Line 151:6:  React Hook useEffect has a missing dependency: 'loadCompanies'. Either include it or remove the dependency array                      react-hooks/exhaustive-deps
  Line 158:6:  React Hook useEffect has missing dependencies: 'loadDocuments' and 'loadFolders'. Either include them or remove the dependency array  react-hooks/exhaustive-deps
  Line 168:6:  React Hook useEffect has a missing dependency: 'selectedCompany?.id'. Either include it or remove the dependency array                react-hooks/exhaustive-deps

src/pages/proposal/index.tsx
  Line 160:9:  'handleContentUpdated' is assigned a value but never used  @typescript-eslint/no-unused-vars

src/pages/task/index.tsx
  Line 4:17:   'useState' is defined but never used               @typescript-eslint/no-unused-vars
  Line 4:27:   'useEffect' is defined but never used              @typescript-eslint/no-unused-vars
  Line 7:103:  'BuildingOfficeIcon' is defined but never used     @typescript-eslint/no-unused-vars
  Line 15:70:  'refreshTasks' is assigned a value but never used  @typescript-eslint/no-unused-vars

Search for the keywords to learn more about each warning.
To ignore, add // eslint-disable-next-line to the line before.

WARNING in [eslint] 
src/pages/knowledge/index.tsx
  Line 151:6:  React Hook useEffect has a missing dependency: 'loadCompanies'. Either include it or remove the dependency array                      react-hooks/exhaustive-deps
  Line 158:6:  React Hook useEffect has missing dependencies: 'loadDocuments' and 'loadFolders'. Either include them or remove the dependency array  react-hooks/exhaustive-deps
  Line 168:6:  React Hook useEffect has a missing dependency: 'selectedCompany?.id'. Either include it or remove the dependency array                react-hooks/exhaustive-deps

src/pages/proposal/index.tsx
  Line 160:9:  'handleContentUpdated' is assigned a value but never used  @typescript-eslint/no-unused-vars

src/pages/task/index.tsx
  Line 4:17:   'useState' is defined but never used               @typescript-eslint/no-unused-vars
  Line 4:27:   'useEffect' is defined but never used              @typescript-eslint/no-unused-vars
  Line 7:103:  'BuildingOfficeIcon' is defined but never used     @typescript-eslint/no-unused-vars
  Line 15:70:  'refreshTasks' is assigned a value but never used  @typescript-eslint/no-unused-vars

webpack compiled with 1 warning
No issues found.
Compiling...
Compiled with warnings.

[eslint] 
src/pages/knowledge/index.tsx
  Line 23:3:   'EyeIcon' is defined but never used                                                                                                   @typescript-eslint/no-unused-vars
  Line 152:6:  React Hook useEffect has a missing dependency: 'loadCompanies'. Either include it or remove the dependency array                      react-hooks/exhaustive-deps
  Line 159:6:  React Hook useEffect has missing dependencies: 'loadDocuments' and 'loadFolders'. Either include them or remove the dependency array  react-hooks/exhaustive-deps
  Line 169:6:  React Hook useEffect has a missing dependency: 'selectedCompany?.id'. Either include it or remove the dependency array                react-hooks/exhaustive-deps

src/pages/proposal/index.tsx
  Line 160:9:  'handleContentUpdated' is assigned a value but never used  @typescript-eslint/no-unused-vars

src/pages/task/index.tsx
  Line 4:17:   'useState' is defined but never used               @typescript-eslint/no-unused-vars
  Line 4:27:   'useEffect' is defined but never used              @typescript-eslint/no-unused-vars
  Line 7:103:  'BuildingOfficeIcon' is defined but never used     @typescript-eslint/no-unused-vars
  Line 15:70:  'refreshTasks' is assigned a value but never used  @typescript-eslint/no-unused-vars

Search for the keywords to learn more about each warning.
To ignore, add // eslint-disable-next-line to the line before.

WARNING in [eslint] 
src/pages/knowledge/index.tsx
  Line 23:3:   'EyeIcon' is defined but never used                                                                                                   @typescript-eslint/no-unused-vars
  Line 152:6:  React Hook useEffect has a missing dependency: 'loadCompanies'. Either include it or remove the dependency array                      react-hooks/exhaustive-deps
  Line 159:6:  React Hook useEffect has missing dependencies: 'loadDocuments' and 'loadFolders'. Either include them or remove the dependency array  react-hooks/exhaustive-deps
  Line 169:6:  React Hook useEffect has a missing dependency: 'selectedCompany?.id'. Either include it or remove the dependency array                react-hooks/exhaustive-deps

src/pages/proposal/index.tsx
  Line 160:9:  'handleContentUpdated' is assigned a value but never used  @typescript-eslint/no-unused-vars

src/pages/task/index.tsx
  Line 4:17:   'useState' is defined but never used               @typescript-eslint/no-unused-vars
  Line 4:27:   'useEffect' is defined but never used              @typescript-eslint/no-unused-vars
  Line 7:103:  'BuildingOfficeIcon' is defined but never used     @typescript-eslint/no-unused-vars
  Line 15:70:  'refreshTasks' is assigned a value but never used  @typescript-eslint/no-unused-vars

webpack compiled with 1 warning
No issues found.
Compiling...
Compiled with warnings.

[eslint] 
src/pages/knowledge/index.tsx
  Line 23:3:   'EyeIcon' is defined but never used                                                                                                   @typescript-eslint/no-unused-vars
  Line 87:10:  'showPreviewModal' is assigned a value but never used                                                                                 @typescript-eslint/no-unused-vars
  Line 88:10:  'previewDoc' is assigned a value but never used                                                                                       @typescript-eslint/no-unused-vars
  Line 91:9:   'getPreviewUrl' is assigned a value but never used                                                                                    @typescript-eslint/no-unused-vars
  Line 99:9:   'getFileCategory' is assigned a value but never used                                                                                  @typescript-eslint/no-unused-vars
  Line 109:9:  'handlePreview' is assigned a value but never used                                                                                    @typescript-eslint/no-unused-vars
  Line 180:6:  React Hook useEffect has a missing dependency: 'loadCompanies'. Either include it or remove the dependency array                      react-hooks/exhaustive-deps
  Line 187:6:  React Hook useEffect has missing dependencies: 'loadDocuments' and 'loadFolders'. Either include them or remove the dependency array  react-hooks/exhaustive-deps
  Line 197:6:  React Hook useEffect has a missing dependency: 'selectedCompany?.id'. Either include it or remove the dependency array                react-hooks/exhaustive-deps

src/pages/proposal/index.tsx
  Line 160:9:  'handleContentUpdated' is assigned a value but never used  @typescript-eslint/no-unused-vars

src/pages/task/index.tsx
  Line 4:17:   'useState' is defined but never used               @typescript-eslint/no-unused-vars
  Line 4:27:   'useEffect' is defined but never used              @typescript-eslint/no-unused-vars
  Line 7:103:  'BuildingOfficeIcon' is defined but never used     @typescript-eslint/no-unused-vars
  Line 15:70:  'refreshTasks' is assigned a value but never used  @typescript-eslint/no-unused-vars

Search for the keywords to learn more about each warning.
To ignore, add // eslint-disable-next-line to the line before.

WARNING in [eslint] 
src/pages/knowledge/index.tsx
  Line 23:3:   'EyeIcon' is defined but never used                                                                                                   @typescript-eslint/no-unused-vars
  Line 87:10:  'showPreviewModal' is assigned a value but never used                                                                                 @typescript-eslint/no-unused-vars
  Line 88:10:  'previewDoc' is assigned a value but never used                                                                                       @typescript-eslint/no-unused-vars
  Line 91:9:   'getPreviewUrl' is assigned a value but never used                                                                                    @typescript-eslint/no-unused-vars
  Line 99:9:   'getFileCategory' is assigned a value but never used                                                                                  @typescript-eslint/no-unused-vars
  Line 109:9:  'handlePreview' is assigned a value but never used                                                                                    @typescript-eslint/no-unused-vars
  Line 180:6:  React Hook useEffect has a missing dependency: 'loadCompanies'. Either include it or remove the dependency array                      react-hooks/exhaustive-deps
  Line 187:6:  React Hook useEffect has missing dependencies: 'loadDocuments' and 'loadFolders'. Either include them or remove the dependency array  react-hooks/exhaustive-deps
  Line 197:6:  React Hook useEffect has a missing dependency: 'selectedCompany?.id'. Either include it or remove the dependency array                react-hooks/exhaustive-deps

src/pages/proposal/index.tsx
  Line 160:9:  'handleContentUpdated' is assigned a value but never used  @typescript-eslint/no-unused-vars

src/pages/task/index.tsx
  Line 4:17:   'useState' is defined but never used               @typescript-eslint/no-unused-vars
  Line 4:27:   'useEffect' is defined but never used              @typescript-eslint/no-unused-vars
  Line 7:103:  'BuildingOfficeIcon' is defined but never used     @typescript-eslint/no-unused-vars
  Line 15:70:  'refreshTasks' is assigned a value but never used  @typescript-eslint/no-unused-vars

webpack compiled with 1 warning
ERROR in src/pages/knowledge/index.tsx:94:36
TS2339: Property 'env' does not exist on type 'ImportMeta'.
    92 |     if (!doc.file_path) return '';
    93 |     // 文件路径格式: uploads/{user_id}/knowledge/{company_id}/{folder_id}/{file_name}
  > 94 |     const apiBaseUrl = import.meta.env.VITE_API_BASE_URL || '';
       |                                    ^^^
    95 |     return `${apiBaseUrl}/uploads/${doc.file_path.replace(/^uploads\//, '')}`;
    96 |   };
    97 |   

Compiling...
Compiled with warnings.

[eslint] 
src/pages/knowledge/index.tsx
  Line 87:10:  'showPreviewModal' is assigned a value but never used                                                                                 @typescript-eslint/no-unused-vars
  Line 88:10:  'previewDoc' is assigned a value but never used                                                                                       @typescript-eslint/no-unused-vars
  Line 91:9:   'getPreviewUrl' is assigned a value but never used                                                                                    @typescript-eslint/no-unused-vars
  Line 99:9:   'getFileCategory' is assigned a value but never used                                                                                  @typescript-eslint/no-unused-vars
  Line 180:6:  React Hook useEffect has a missing dependency: 'loadCompanies'. Either include it or remove the dependency array                      react-hooks/exhaustive-deps
  Line 187:6:  React Hook useEffect has missing dependencies: 'loadDocuments' and 'loadFolders'. Either include them or remove the dependency array  react-hooks/exhaustive-deps
  Line 197:6:  React Hook useEffect has a missing dependency: 'selectedCompany?.id'. Either include it or remove the dependency array                react-hooks/exhaustive-deps

src/pages/proposal/index.tsx
  Line 160:9:  'handleContentUpdated' is assigned a value but never used  @typescript-eslint/no-unused-vars

src/pages/task/index.tsx
  Line 4:17:   'useState' is defined but never used               @typescript-eslint/no-unused-vars
  Line 4:27:   'useEffect' is defined but never used              @typescript-eslint/no-unused-vars
  Line 7:103:  'BuildingOfficeIcon' is defined but never used     @typescript-eslint/no-unused-vars
  Line 15:70:  'refreshTasks' is assigned a value but never used  @typescript-eslint/no-unused-vars

Search for the keywords to learn more about each warning.
To ignore, add // eslint-disable-next-line to the line before.

WARNING in [eslint] 
src/pages/knowledge/index.tsx
  Line 87:10:  'showPreviewModal' is assigned a value but never used                                                                                 @typescript-eslint/no-unused-vars
  Line 88:10:  'previewDoc' is assigned a value but never used                                                                                       @typescript-eslint/no-unused-vars
  Line 91:9:   'getPreviewUrl' is assigned a value but never used                                                                                    @typescript-eslint/no-unused-vars
  Line 99:9:   'getFileCategory' is assigned a value but never used                                                                                  @typescript-eslint/no-unused-vars
  Line 180:6:  React Hook useEffect has a missing dependency: 'loadCompanies'. Either include it or remove the dependency array                      react-hooks/exhaustive-deps
  Line 187:6:  React Hook useEffect has missing dependencies: 'loadDocuments' and 'loadFolders'. Either include them or remove the dependency array  react-hooks/exhaustive-deps
  Line 197:6:  React Hook useEffect has a missing dependency: 'selectedCompany?.id'. Either include it or remove the dependency array                react-hooks/exhaustive-deps

src/pages/proposal/index.tsx
  Line 160:9:  'handleContentUpdated' is assigned a value but never used  @typescript-eslint/no-unused-vars

src/pages/task/index.tsx
  Line 4:17:   'useState' is defined but never used               @typescript-eslint/no-unused-vars
  Line 4:27:   'useEffect' is defined but never used              @typescript-eslint/no-unused-vars
  Line 7:103:  'BuildingOfficeIcon' is defined but never used     @typescript-eslint/no-unused-vars
  Line 15:70:  'refreshTasks' is assigned a value but never used  @typescript-eslint/no-unused-vars

webpack compiled with 1 warning
ERROR in src/pages/knowledge/index.tsx:94:36
TS2339: Property 'env' does not exist on type 'ImportMeta'.
    92 |     if (!doc.file_path) return '';
    93 |     // 文件路径格式: uploads/{user_id}/knowledge/{company_id}/{folder_id}/{file_name}
  > 94 |     const apiBaseUrl = import.meta.env.VITE_API_BASE_URL || '';
       |                                    ^^^
    95 |     return `${apiBaseUrl}/uploads/${doc.file_path.replace(/^uploads\//, '')}`;
    96 |   };
    97 |   

Compiling...
Compiled with warnings.

[eslint] 
src/pages/knowledge/index.tsx
  Line 180:6:  React Hook useEffect has a missing dependency: 'loadCompanies'. Either include it or remove the dependency array                      react-hooks/exhaustive-deps
  Line 187:6:  React Hook useEffect has missing dependencies: 'loadDocuments' and 'loadFolders'. Either include them or remove the dependency array  react-hooks/exhaustive-deps
  Line 197:6:  React Hook useEffect has a missing dependency: 'selectedCompany?.id'. Either include it or remove the dependency array                react-hooks/exhaustive-deps

src/pages/proposal/index.tsx
  Line 160:9:  'handleContentUpdated' is assigned a value but never used  @typescript-eslint/no-unused-vars

src/pages/task/index.tsx
  Line 4:17:   'useState' is defined but never used               @typescript-eslint/no-unused-vars
  Line 4:27:   'useEffect' is defined but never used              @typescript-eslint/no-unused-vars
  Line 7:103:  'BuildingOfficeIcon' is defined but never used     @typescript-eslint/no-unused-vars
  Line 15:70:  'refreshTasks' is assigned a value but never used  @typescript-eslint/no-unused-vars

Search for the keywords to learn more about each warning.
To ignore, add // eslint-disable-next-line to the line before.

WARNING in [eslint] 
src/pages/knowledge/index.tsx
  Line 180:6:  React Hook useEffect has a missing dependency: 'loadCompanies'. Either include it or remove the dependency array                      react-hooks/exhaustive-deps
  Line 187:6:  React Hook useEffect has missing dependencies: 'loadDocuments' and 'loadFolders'. Either include them or remove the dependency array  react-hooks/exhaustive-deps
  Line 197:6:  React Hook useEffect has a missing dependency: 'selectedCompany?.id'. Either include it or remove the dependency array                react-hooks/exhaustive-deps

src/pages/proposal/index.tsx
  Line 160:9:  'handleContentUpdated' is assigned a value but never used  @typescript-eslint/no-unused-vars

src/pages/task/index.tsx
  Line 4:17:   'useState' is defined but never used               @typescript-eslint/no-unused-vars
  Line 4:27:   'useEffect' is defined but never used              @typescript-eslint/no-unused-vars
  Line 7:103:  'BuildingOfficeIcon' is defined but never used     @typescript-eslint/no-unused-vars
  Line 15:70:  'refreshTasks' is assigned a value but never used  @typescript-eslint/no-unused-vars

webpack compiled with 1 warning
ERROR in src/pages/knowledge/index.tsx:94:36
TS2339: Property 'env' does not exist on type 'ImportMeta'.
    92 |     if (!doc.file_path) return '';
    93 |     // 文件路径格式: uploads/{user_id}/knowledge/{company_id}/{folder_id}/{file_name}
  > 94 |     const apiBaseUrl = import.meta.env.VITE_API_BASE_URL || '';
       |                                    ^^^
    95 |     return `${apiBaseUrl}/uploads/${doc.file_path.replace(/^uploads\//, '')}`;
    96 |   };
    97 |   

Compiling...
Compiled with warnings.

[eslint] 
src/pages/knowledge/index.tsx
  Line 180:6:  React Hook useEffect has a missing dependency: 'loadCompanies'. Either include it or remove the dependency array                      react-hooks/exhaustive-deps
  Line 187:6:  React Hook useEffect has missing dependencies: 'loadDocuments' and 'loadFolders'. Either include them or remove the dependency array  react-hooks/exhaustive-deps
  Line 197:6:  React Hook useEffect has a missing dependency: 'selectedCompany?.id'. Either include it or remove the dependency array                react-hooks/exhaustive-deps

src/pages/proposal/index.tsx
  Line 160:9:  'handleContentUpdated' is assigned a value but never used  @typescript-eslint/no-unused-vars

src/pages/task/index.tsx
  Line 4:17:   'useState' is defined but never used               @typescript-eslint/no-unused-vars
  Line 4:27:   'useEffect' is defined but never used              @typescript-eslint/no-unused-vars
  Line 7:103:  'BuildingOfficeIcon' is defined but never used     @typescript-eslint/no-unused-vars
  Line 15:70:  'refreshTasks' is assigned a value but never used  @typescript-eslint/no-unused-vars

Search for the keywords to learn more about each warning.
To ignore, add // eslint-disable-next-line to the line before.

WARNING in [eslint] 
src/pages/knowledge/index.tsx
  Line 180:6:  React Hook useEffect has a missing dependency: 'loadCompanies'. Either include it or remove the dependency array                      react-hooks/exhaustive-deps
  Line 187:6:  React Hook useEffect has missing dependencies: 'loadDocuments' and 'loadFolders'. Either include them or remove the dependency array  react-hooks/exhaustive-deps
  Line 197:6:  React Hook useEffect has a missing dependency: 'selectedCompany?.id'. Either include it or remove the dependency array                react-hooks/exhaustive-deps

src/pages/proposal/index.tsx
  Line 160:9:  'handleContentUpdated' is assigned a value but never used  @typescript-eslint/no-unused-vars

src/pages/task/index.tsx
  Line 4:17:   'useState' is defined but never used               @typescript-eslint/no-unused-vars
  Line 4:27:   'useEffect' is defined but never used              @typescript-eslint/no-unused-vars
  Line 7:103:  'BuildingOfficeIcon' is defined but never used     @typescript-eslint/no-unused-vars
  Line 15:70:  'refreshTasks' is assigned a value but never used  @typescript-eslint/no-unused-vars

webpack compiled with 1 warning
No issues found.
